<?xml version="1.0" encoding="UTF-8"?>
<!-- Generated by org.testng.reporters.JUnitXMLReporter -->
<testsuite ignored="0" hostname="DESKTOP-BIF8AF4" failures="0" tests="5" name="Test" time="32.244" errors="0" timestamp="2025-08-28T05:59:11 GMT-07:00">
  <testcase classname="testngConcept.applicationBrowserTest" name="Amazon" time="13.727"/>
  <testcase classname="testngConcept.applicationBrowserTest" name="Flipkart" time="9.654"/>
  <testcase classname="testngConcept.applicationBrowserTest" name="Myntra" time="6.183"/>
  <testcase classname="testngConcept.applicationBrowserTest1" name="tira" time="31.39"/>
  <testcase classname="testngConcept.applicationBrowserTest" name="Swiggy" time="2.612"/>
</testsuite> <!-- Test -->
