<?xml version="1.0" encoding="UTF-8"?>
<testng-results ignored="0" total="1" passed="1" failed="0" skipped="0">
  <reporter-output>
  </reporter-output>
  <suite started-at="2025-09-09T02:43:06 GMT-07:00" name="Default suite" finished-at="2025-09-09T02:43:13 GMT-07:00" duration-ms="7021">
    <groups>
    </groups>
    <test started-at="2025-09-09T02:43:06 GMT-07:00" name="Default test" finished-at="2025-09-09T02:43:13 GMT-07:00" duration-ms="7021">
      <class name="actionDisable.ActionOnHiddenElement">
        <test-method signature="Hidden()[pri:0, instance:actionDisable.ActionOnHiddenElement@e056f20]" started-at="2025-09-09T02:43:06 GMT-07:00" name="Hidden" finished-at="2025-09-09T02:43:13 GMT-07:00" duration-ms="6980" status="PASS">
          <reporter-output>
          </reporter-output>
        </test-method> <!-- Hidden -->
      </class> <!-- actionDisable.ActionOnHiddenElement -->
    </test> <!-- Default test -->
  </suite> <!-- Default suite -->
</testng-results>
